<?xml version="1.0" encoding="UTF-8"?>
<!-- Generated by org.testng.reporters.JUnitXMLReporter -->
<testsuite ignored="0" hostname="PardeepK" failures="0" tests="4" name="Default test" time="34.858" errors="0" timestamp="2025-02-20T12:54:17 EST">
  <testcase classname="testLayer.YourAccountTest" name="Your_Account_TC23_Sublist_Options" time="5.983"/>
  <testcase classname="testLayer.YourAccountTest" name="Your_order_TC24_Different_options" time="6.826"/>
  <testcase classname="testLayer.YourAccountTest" name="Your_Address_TC25_Address_option" time="6.58"/>
  <testcase classname="testLayer.YourAccountTest" name="Payment_TC39_Default_method" time="8.791"/>
</testsuite> <!-- Default test -->
