<?xml version="1.0" encoding="UTF-8"?>
<testng-results ignored="0" total="4" passed="4" failed="0" skipped="0">
  <reporter-output>
  </reporter-output>
  <suite started-at="2025-02-20T12:53:42 EST" name="Default suite" finished-at="2025-02-20T12:54:17 EST" duration-ms="34858">
    <groups>
    </groups>
    <test started-at="2025-02-20T12:53:42 EST" name="Default test" finished-at="2025-02-20T12:54:17 EST" duration-ms="34858">
      <class name="testLayer.YourAccountTest">
        <test-method is-config="true" signature="initsetup()[pri:0, instance:testLayer.YourAccountTest@682b2fa]" started-at="2025-02-20T12:53:42 EST" name="initsetup" finished-at="2025-02-20T12:53:44 EST" duration-ms="1874" status="PASS">
          <reporter-output>
          </reporter-output>
        </test-method> <!-- initsetup -->
        <test-method signature="Your_Account_TC23_Sublist_Options()[pri:1, instance:testLayer.YourAccountTest@682b2fa]" started-at="2025-02-20T12:53:44 EST" name="Your_Account_TC23_Sublist_Options" finished-at="2025-02-20T12:53:50 EST" duration-ms="5983" status="PASS">
          <reporter-output>
          </reporter-output>
        </test-method> <!-- Your_Account_TC23_Sublist_Options -->
        <test-method is-config="true" signature="close()[pri:0, instance:testLayer.YourAccountTest@682b2fa]" started-at="2025-02-20T12:53:50 EST" name="close" finished-at="2025-02-20T12:53:50 EST" duration-ms="141" status="PASS">
          <reporter-output>
          </reporter-output>
        </test-method> <!-- close -->
        <test-method is-config="true" signature="initsetup()[pri:0, instance:testLayer.YourAccountTest@682b2fa]" started-at="2025-02-20T12:53:50 EST" name="initsetup" finished-at="2025-02-20T12:53:52 EST" duration-ms="1392" status="PASS">
          <reporter-output>
          </reporter-output>
        </test-method> <!-- initsetup -->
        <test-method signature="Your_order_TC24_Different_options()[pri:2, instance:testLayer.YourAccountTest@682b2fa]" started-at="2025-02-20T12:53:52 EST" name="Your_order_TC24_Different_options" finished-at="2025-02-20T12:53:59 EST" duration-ms="6826" status="PASS">
          <reporter-output>
          </reporter-output>
        </test-method> <!-- Your_order_TC24_Different_options -->
        <test-method is-config="true" signature="close()[pri:0, instance:testLayer.YourAccountTest@682b2fa]" started-at="2025-02-20T12:53:59 EST" name="close" finished-at="2025-02-20T12:53:59 EST" duration-ms="135" status="PASS">
          <reporter-output>
          </reporter-output>
        </test-method> <!-- close -->
        <test-method is-config="true" signature="initsetup()[pri:0, instance:testLayer.YourAccountTest@682b2fa]" started-at="2025-02-20T12:53:59 EST" name="initsetup" finished-at="2025-02-20T12:54:00 EST" duration-ms="1491" status="PASS">
          <reporter-output>
          </reporter-output>
        </test-method> <!-- initsetup -->
        <test-method signature="Your_Address_TC25_Address_option()[pri:3, instance:testLayer.YourAccountTest@682b2fa]" started-at="2025-02-20T12:54:00 EST" name="Your_Address_TC25_Address_option" finished-at="2025-02-20T12:54:07 EST" duration-ms="6580" status="PASS">
          <reporter-output>
          </reporter-output>
        </test-method> <!-- Your_Address_TC25_Address_option -->
        <test-method is-config="true" signature="close()[pri:0, instance:testLayer.YourAccountTest@682b2fa]" started-at="2025-02-20T12:54:07 EST" name="close" finished-at="2025-02-20T12:54:07 EST" duration-ms="119" status="PASS">
          <reporter-output>
          </reporter-output>
        </test-method> <!-- close -->
        <test-method is-config="true" signature="initsetup()[pri:0, instance:testLayer.YourAccountTest@682b2fa]" started-at="2025-02-20T12:54:07 EST" name="initsetup" finished-at="2025-02-20T12:54:08 EST" duration-ms="1381" status="PASS">
          <reporter-output>
          </reporter-output>
        </test-method> <!-- initsetup -->
        <test-method signature="Payment_TC39_Default_method()[pri:4, instance:testLayer.YourAccountTest@682b2fa]" started-at="2025-02-20T12:54:08 EST" name="Payment_TC39_Default_method" finished-at="2025-02-20T12:54:17 EST" duration-ms="8791" status="PASS">
          <reporter-output>
          </reporter-output>
        </test-method> <!-- Payment_TC39_Default_method -->
        <test-method is-config="true" signature="close()[pri:0, instance:testLayer.YourAccountTest@682b2fa]" started-at="2025-02-20T12:54:17 EST" name="close" finished-at="2025-02-20T12:54:17 EST" duration-ms="106" status="PASS">
          <reporter-output>
          </reporter-output>
        </test-method> <!-- close -->
      </class> <!-- testLayer.YourAccountTest -->
    </test> <!-- Default test -->
  </suite> <!-- Default suite -->
</testng-results>
